#
# A fatal error has been detected by the Java Runtime Environment:
#
#  EXCEPTION_ACCESS_VIOLATION (0xc0000005) at pc=0x00000000554f28d8, pid=7460, tid=6080
#
# JRE version: Java(TM) SE Runtime Environment (7.0_71-b14) (build 1.7.0_71-b14)
# Java VM: Java HotSpot(TM) 64-Bit Server VM (24.71-b01 mixed mode windows-amd64 compressed oops)
# Problematic frame:
# V  [jvm.dll+0x3928d8]
#
# Failed to write core dump. Minidumps are not enabled by default on client versions of Windows
#
# If you would like to submit a bug report, please visit:
#   http://bugreport.sun.com/bugreport/crash.jsp
#

---------------  T H R E A D  ---------------

Current thread (0x0000000002273800):  GCTaskThread [stack: 0x0000000005f40000,0x0000000006040000] [id=6080]

siginfo: ExceptionCode=0xc0000005, reading address 0x00000000000000df

Registers:
RAX=0xffffffffffffffff, RBX=0x00000000056f2001, RCX=0x00000000c1a4b940, RDX=0x0000000008677440
RSP=0x000000000603f660, RBP=0x00000000056f2001, RSI=0x00000000c3200000, RDI=0x00000000c31f4618
R8 =0x00000000c31f4618, R9 =0x0000000000000006, R10=0x00000000058e0000, R11=0x00000000052e0000
R12=0x00000000056f1f81, R13=0x0000000008677440, R14=0x00000000022651e0, R15=0x000000000000000c
RIP=0x00000000554f28d8, EFLAGS=0x0000000000010207

Top of Stack: (sp=0x000000000603f660)
0x000000000603f660:   00000000056f2001 00000000c3200000
0x000000000603f670:   00000000c3200000 00000000c31ba45d
0x000000000603f680:   00000000056f1e00 0000000005702fff
0x000000000603f690:   0000000000000200 0000000000000180
0x000000000603f6a0:   000000000237df50 000000000226e360
0x000000000603f6b0:   0000000055727448 0000000000000000
0x000000000603f6c0:   0000000000000000 0000000008575500
0x000000000603f6d0:   00000000022741e0 00000000022741d0
0x000000000603f6e0:   0000000008677440 00000000555066f2
0x000000000603f6f0:   00000000056f1f80 0000000002265330
0x000000000603f700:   00000000c3200000 00000000c53ffc68
0x000000000603f710:   0000000008677440 0000000000000003
0x000000000603f720:   0000000000000004 000000000226c850
0x000000000603f730:   0000000008575500 00000000554f430e
0x000000000603f740:   0000000002273800 0000000000000000
0x000000000603f750:   0000000000000000 0000000000000000 

Instructions: (pc=0x00000000554f28d8)
0x00000000554f28b8:   f4 2f 36 00 eb 04 48 8b 47 08 81 78 18 00 00 00
0x00000000554f28c8:   c0 48 8d 48 10 73 0f 48 8b 01 4c 8b c7 49 8b d5
0x00000000554f28d8:   ff 90 e0 00 00 00 80 3d b3 26 3c 00 00 74 15 8b
0x00000000554f28e8:   47 08 8b 0d c8 2f 36 00 48 d3 e0 48 03 05 b6 2f 


Register to memory mapping:

RAX=0xffffffffffffffff is an unknown value
RBX=0x00000000056f2001 is an unknown value
RCX=0x00000000c1a4b940 is pointing into object: 0x00000000c1a4b930
com.android.dx.dex.code.Dop 
 - klass: 'com/android/dx/dex/code/Dop'
RDX=0x0000000008677440 is an unknown value
RSP=0x000000000603f660 is an unknown value
RBP=0x00000000056f2001 is an unknown value
RSI=0x00000000c3200000 is an oop
java.util.HashMap$Entry 
 - klass: 'java/util/HashMap$Entry'
RDI=
[error occurred during error reporting (printing register info), id 0xc0000005]

Stack: [0x0000000005f40000,0x0000000006040000],  sp=0x000000000603f660,  free space=1021k
Native frames: (J=compiled Java code, j=interpreted, Vv=VM code, C=native code)
V  [jvm.dll+0x3928d8]


---------------  P R O C E S S  ---------------

Java Threads: ( => current thread )
  0x000000000a0fd800 JavaThread "pool-2-thread-4" [_thread_blocked, id=13060, stack(0x000000000b230000,0x000000000b330000)]
  0x000000000a151000 JavaThread "pool-2-thread-3" [_thread_blocked, id=8904, stack(0x000000000b060000,0x000000000b160000)]
  0x000000000a150800 JavaThread "pool-2-thread-2" [_thread_blocked, id=7232, stack(0x000000000ae50000,0x000000000af50000)]
  0x000000000a0f3000 JavaThread "pool-3-thread-1" [_thread_blocked, id=7324, stack(0x000000000ac60000,0x000000000ad60000)]
  0x000000000a0d3800 JavaThread "pool-2-thread-1" [_thread_blocked, id=12944, stack(0x000000000aac0000,0x000000000abc0000)]
  0x00000000086ff000 JavaThread "Service Thread" daemon [_thread_blocked, id=4804, stack(0x0000000009860000,0x0000000009960000)]
  0x0000000009ea4800 JavaThread "C2 CompilerThread1" daemon [_thread_blocked, id=5704, stack(0x000000000a3e0000,0x000000000a4e0000)]
  0x00000000086eb000 JavaThread "C2 CompilerThread0" daemon [_thread_blocked, id=7308, stack(0x0000000009da0000,0x0000000009ea0000)]
  0x00000000086e8800 JavaThread "Attach Listener" daemon [_thread_blocked, id=5744, stack(0x0000000009610000,0x0000000009710000)]
  0x00000000086e1000 JavaThread "Signal Dispatcher" daemon [_thread_blocked, id=9472, stack(0x0000000009c80000,0x0000000009d80000)]
  0x0000000008686000 JavaThread "Finalizer" daemon [_thread_blocked, id=12136, stack(0x0000000009af0000,0x0000000009bf0000)]
  0x000000000867f000 JavaThread "Reference Handler" daemon [_thread_blocked, id=11960, stack(0x0000000009990000,0x0000000009a90000)]
  0x0000000002258000 JavaThread "main" [_thread_blocked, id=12500, stack(0x00000000025b0000,0x00000000026b0000)]

Other Threads:
  0x0000000008679800 VMThread [stack: 0x0000000009740000,0x0000000009840000] [id=13076]
  0x0000000009eb7800 WatcherThread [stack: 0x000000000a4e0000,0x000000000a5e0000] [id=8340]

=>0x0000000002273800 (exited) GCTaskThread [stack: 0x0000000005f40000,0x0000000006040000] [id=6080]

VM state:at safepoint (normal execution)

VM Mutex/Monitor currently owned by a thread:  ([mutex/lock_event])
[0x000000000237cd50] Threads_lock - owner thread: 0x0000000008679800
[0x000000000237d250] Heap_lock - owner thread: 0x000000000a0d3800

Heap
 PSYoungGen      total 291840K, used 271263K [0x00000000eaa80000, 0x0000000100000000, 0x0000000100000000)
  eden space 250368K, 100% used [0x00000000eaa80000,0x00000000f9f00000,0x00000000f9f00000)
  from space 41472K, 50% used [0x00000000f9f00000,0x00000000fb367d48,0x00000000fc780000)
  to   space 57856K, 72% used [0x00000000fc780000,0x00000000ff0465a8,0x0000000100000000)
 ParOldGen       total 164352K, used 91948K [0x00000000c0000000, 0x00000000ca080000, 0x00000000eaa80000)
  object space 164352K, 55% used [0x00000000c0000000,0x00000000c59cb358,0x00000000ca080000)
 PSPermGen       total 21504K, used 6167K [0x00000000bae00000, 0x00000000bc300000, 0x00000000c0000000)
  object space 21504K, 28% used [0x00000000bae00000,0x00000000bb405e48,0x00000000bc300000)

Card table byte_map: [0x00000000056b0000,0x00000000058e0000] byte_map_base: 0x00000000050d9000

Polling page: 0x0000000000250000

Code Cache  [0x00000000026b0000, 0x0000000002a20000, 0x00000000056b0000)
 total_blobs=1156 nmethods=919 adapters=189 free_code_cache=45759Kb largest_free_block=46791552

Compilation events (10 events):
Event: 9.542 Thread 0x0000000009ea4800 nmethod 926 0x000000000279f3d0 code [0x000000000279f6c0, 0x00000000027a0810]
Event: 9.543 Thread 0x0000000009ea4800  932             com.android.dx.rop.code.LocalVariableExtractor::processBlock (327 bytes)
Event: 9.601 Thread 0x0000000009ea4800 nmethod 932 0x0000000002a09b10 code [0x0000000002a09d80, 0x0000000002a0b1a0]
Event: 9.601 Thread 0x0000000009ea4800  933             com.android.dx.rop.code.ThrowingInsn::<init> (49 bytes)
Event: 9.603 Thread 0x0000000009ea4800 nmethod 933 0x0000000002862210 code [0x0000000002862360, 0x00000000028624b8]
Event: 9.603 Thread 0x0000000009ea4800  934             java.util.TimSort::mergeLo (655 bytes)
Event: 9.648 Thread 0x0000000009ea4800 nmethod 934 0x0000000002a06f10 code [0x0000000002a07100, 0x0000000002a088f0]
Event: 9.648 Thread 0x0000000009ea4800  935   !         java.util.ArrayList$ListItr::set (45 bytes)
Event: 9.650 Thread 0x0000000009ea4800 nmethod 935 0x0000000002862e10 code [0x0000000002862f60, 0x00000000028630d8]
Event: 9.650 Thread 0x0000000009ea4800  936   !         com.android.dx.dex.cf.CfTranslator::processMethods (583 bytes)

GC Heap History (10 events):
Event: 4.566 GC heap after
Heap after GC invocations=6 (full 0):
 PSYoungGen      total 147456K, used 15321K [0x00000000eaa80000, 0x00000000f5480000, 0x0000000100000000)
  eden space 130048K, 0% used [0x00000000eaa80000,0x00000000eaa80000,0x00000000f2980000)
  from space 17408K, 88% used [0x00000000f3d80000,0x00000000f4c76630,0x00000000f4e80000)
  to   space 20480K, 0% used [0x00000000f2980000,0x00000000f2980000,0x00000000f3d80000)
 ParOldGen       total 86016K, used 15906K [0x00000000c0000000, 0x00000000c5400000, 0x00000000eaa80000)
  object space 86016K, 18% used [0x00000000c0000000,0x00000000c0f88b90,0x00000000c5400000)
 PSPermGen       total 21504K, used 6036K [0x00000000bae00000, 0x00000000bc300000, 0x00000000c0000000)
  object space 21504K, 28% used [0x00000000bae00000,0x00000000bb3e5008,0x00000000bc300000)
}
Event: 6.089 GC heap before
{Heap before GC invocations=7 (full 0):
 PSYoungGen      total 147456K, used 145369K [0x00000000eaa80000, 0x00000000f5480000, 0x0000000100000000)
  eden space 130048K, 100% used [0x00000000eaa80000,0x00000000f2980000,0x00000000f2980000)
  from space 17408K, 88% used [0x00000000f3d80000,0x00000000f4c76630,0x00000000f4e80000)
  to   space 20480K, 0% used [0x00000000f2980000,0x00000000f2980000,0x00000000f3d80000)
 ParOldGen       total 86016K, used 15906K [0x00000000c0000000, 0x00000000c5400000, 0x00000000eaa80000)
  object space 86016K, 18% used [0x00000000c0000000,0x00000000c0f88b90,0x00000000c5400000)
 PSPermGen       total 21504K, used 6118K [0x00000000bae00000, 0x00000000bc300000, 0x00000000c0000000)
  object space 21504K, 28% used [0x00000000bae00000,0x00000000bb3f98b8,0x00000000bc300000)
Event: 6.161 GC heap after
Heap after GC invocations=7 (full 0):
 PSYoungGen      total 150528K, used 20472K [0x00000000eaa80000, 0x00000000fe680000, 0x0000000100000000)
  eden space 130048K, 0% used [0x00000000eaa80000,0x00000000eaa80000,0x00000000f2980000)
  from space 20480K, 99% used [0x00000000f2980000,0x00000000f3d7e188,0x00000000f3d80000)
  to   space 31744K, 0% used [0x00000000fc780000,0x00000000fc780000,0x00000000fe680000)
 ParOldGen       total 86016K, used 30146K [0x00000000c0000000, 0x00000000c5400000, 0x00000000eaa80000)
  object space 86016K, 35% used [0x00000000c0000000,0x00000000c1d70850,0x00000000c5400000)
 PSPermGen       total 21504K, used 6118K [0x00000000bae00000, 0x00000000bc300000, 0x00000000c0000000)
  object space 21504K, 28% used [0x00000000bae00000,0x00000000bb3f98b8,0x00000000bc300000)
}
Event: 7.096 GC heap before
{Heap before GC invocations=8 (full 0):
 PSYoungGen      total 150528K, used 150520K [0x00000000eaa80000, 0x00000000fe680000, 0x0000000100000000)
  eden space 130048K, 100% used [0x00000000eaa80000,0x00000000f2980000,0x00000000f2980000)
  from space 20480K, 99% used [0x00000000f2980000,0x00000000f3d7e188,0x00000000f3d80000)
  to   space 31744K, 0% used [0x00000000fc780000,0x00000000fc780000,0x00000000fe680000)
 ParOldGen       total 86016K, used 30146K [0x00000000c0000000, 0x00000000c5400000, 0x00000000eaa80000)
  object space 86016K, 35% used [0x00000000c0000000,0x00000000c1d70850,0x00000000c5400000)
 PSPermGen       total 21504K, used 6131K [0x00000000bae00000, 0x00000000bc300000, 0x00000000c0000000)
  object space 21504K, 28% used [0x00000000bae00000,0x00000000bb3fcfc0,0x00000000bc300000)
Event: 7.192 GC heap after
Heap after GC invocations=8 (full 0):
 PSYoungGen      total 282112K, used 31724K [0x00000000eaa80000, 0x00000000ff980000, 0x0000000100000000)
  eden space 250368K, 0% used [0x00000000eaa80000,0x00000000eaa80000,0x00000000f9f00000)
  from space 31744K, 99% used [0x00000000fc780000,0x00000000fe67b3d0,0x00000000fe680000)
  to   space 41472K, 0% used [0x00000000f9f00000,0x00000000f9f00000,0x00000000fc780000)
 ParOldGen       total 86016K, used 38275K [0x00000000c0000000, 0x00000000c5400000, 0x00000000eaa80000)
  object space 86016K, 44% used [0x00000000c0000000,0x00000000c2560ca0,0x00000000c5400000)
 PSPermGen       total 21504K, used 6131K [0x00000000bae00000, 0x00000000bc300000, 0x00000000c0000000)
  object space 21504K, 28% used [0x00000000bae00000,0x00000000bb3fcfc0,0x00000000bc300000)
}
Event: 8.225 GC heap before
{Heap before GC invocations=9 (full 0):
 PSYoungGen      total 282112K, used 282092K [0x00000000eaa80000, 0x00000000ff980000, 0x0000000100000000)
  eden space 250368K, 100% used [0x00000000eaa80000,0x00000000f9f00000,0x00000000f9f00000)
  from space 31744K, 99% used [0x00000000fc780000,0x00000000fe67b3d0,0x00000000fe680000)
  to   space 41472K, 0% used [0x00000000f9f00000,0x00000000f9f00000,0x00000000fc780000)
 ParOldGen       total 86016K, used 38275K [0x00000000c0000000, 0x00000000c5400000, 0x00000000eaa80000)
  object space 86016K, 44% used [0x00000000c0000000,0x00000000c2560ca0,0x00000000c5400000)
 PSPermGen       total 21504K, used 6155K [0x00000000bae00000, 0x00000000bc300000, 0x00000000c0000000)
  object space 21504K, 28% used [0x00000000bae00000,0x00000000bb402c08,0x00000000bc300000)
Event: 8.351 GC heap after
Heap after GC invocations=9 (full 0):
 PSYoungGen      total 291840K, used 41469K [0x00000000eaa80000, 0x0000000100000000, 0x0000000100000000)
  eden space 250368K, 0% used [0x00000000eaa80000,0x00000000eaa80000,0x00000000f9f00000)
  from space 41472K, 99% used [0x00000000f9f00000,0x00000000fc77f738,0x00000000fc780000)
  to   space 57856K, 0% used [0x00000000fc780000,0x00000000fc780000,0x0000000100000000)
 ParOldGen       total 86016K, used 70123K [0x00000000c0000000, 0x00000000c5400000, 0x00000000eaa80000)
  object space 86016K, 81% used [0x00000000c0000000,0x00000000c447ad40,0x00000000c5400000)
 PSPermGen       total 21504K, used 6155K [0x00000000bae00000, 0x00000000bc300000, 0x00000000c0000000)
  object space 21504K, 28% used [0x00000000bae00000,0x00000000bb402c08,0x00000000bc300000)
}
Event: 8.351 GC heap before
{Heap before GC invocations=10 (full 1):
 PSYoungGen      total 291840K, used 41469K [0x00000000eaa80000, 0x0000000100000000, 0x0000000100000000)
  eden space 250368K, 0% used [0x00000000eaa80000,0x00000000eaa80000,0x00000000f9f00000)
  from space 41472K, 99% used [0x00000000f9f00000,0x00000000fc77f738,0x00000000fc780000)
  to   space 57856K, 0% used [0x00000000fc780000,0x00000000fc780000,0x0000000100000000)
 ParOldGen       total 86016K, used 70123K [0x00000000c0000000, 0x00000000c5400000, 0x00000000eaa80000)
  object space 86016K, 81% used [0x00000000c0000000,0x00000000c447ad40,0x00000000c5400000)
 PSPermGen       total 21504K, used 6155K [0x00000000bae00000, 0x00000000bc300000, 0x00000000c0000000)
  object space 21504K, 28% used [0x00000000bae00000,0x00000000bb402c08,0x00000000bc300000)
Event: 9.254 GC heap after
Heap after GC invocations=10 (full 1):
 PSYoungGen      total 291840K, used 20895K [0x00000000eaa80000, 0x0000000100000000, 0x0000000100000000)
  eden space 250368K, 0% used [0x00000000eaa80000,0x00000000eaa80000,0x00000000f9f00000)
  from space 41472K, 50% used [0x00000000f9f00000,0x00000000fb367d48,0x00000000fc780000)
  to   space 57856K, 0% used [0x00000000fc780000,0x00000000fc780000,0x0000000100000000)
 ParOldGen       total 164352K, used 86015K [0x00000000c0000000, 0x00000000ca080000, 0x00000000eaa80000)
  object space 164352K, 52% used [0x00000000c0000000,0x00000000c53ffc68,0x00000000ca080000)
 PSPermGen       total 21504K, used 6149K [0x00000000bae00000, 0x00000000bc300000, 0x00000000c0000000)
  object space 21504K, 28% used [0x00000000bae00000,0x00000000bb401748,0x00000000bc300000)
}
Event: 9.757 GC heap before
{Heap before GC invocations=11 (full 1):
 PSYoungGen      total 291840K, used 271263K [0x00000000eaa80000, 0x0000000100000000, 0x0000000100000000)
  eden space 250368K, 100% used [0x00000000eaa80000,0x00000000f9f00000,0x00000000f9f00000)
  from space 41472K, 50% used [0x00000000f9f00000,0x00000000fb367d48,0x00000000fc780000)
  to   space 57856K, 0% used [0x00000000fc780000,0x00000000fc780000,0x0000000100000000)
 ParOldGen       total 164352K, used 86015K [0x00000000c0000000, 0x00000000ca080000, 0x00000000eaa80000)
  object space 164352K, 52% used [0x00000000c0000000,0x00000000c53ffc68,0x00000000ca080000)
 PSPermGen       total 21504K, used 6167K [0x00000000bae00000, 0x00000000bc300000, 0x00000000c0000000)
  object space 21504K, 28% used [0x00000000bae00000,0x00000000bb405e48,0x00000000bc300000)

Deoptimization events (10 events):
Event: 8.181 Thread 0x000000000a0d3800 Uncommon trap: reason=bimorphic action=maybe_recompile pc=0x000000000297fd9c method=com.android.dx.cf.code.OneLocalsArray.set(ILcom/android/dx/rop/type/TypeBearer;)V @ 85
Event: 8.224 Thread 0x000000000a150800 Uncommon trap: reason=bimorphic action=maybe_recompile pc=0x000000000297fd9c method=com.android.dx.cf.code.OneLocalsArray.set(ILcom/android/dx/rop/type/TypeBearer;)V @ 85
Event: 8.224 Thread 0x000000000a150800 Uncommon trap: reason=bimorphic action=maybe_recompile pc=0x000000000297fd9c method=com.android.dx.cf.code.OneLocalsArray.set(ILcom/android/dx/rop/type/TypeBearer;)V @ 85
Event: 8.224 Thread 0x000000000a150800 Uncommon trap: reason=bimorphic action=maybe_recompile pc=0x000000000297fd9c method=com.android.dx.cf.code.OneLocalsArray.set(ILcom/android/dx/rop/type/TypeBearer;)V @ 85
Event: 9.385 Thread 0x000000000a151000 Uncommon trap: reason=unreached action=reinterpret pc=0x00000000028f4158 method=com.android.dx.rop.code.LocalItem.compareHandlesNulls(Lcom/android/dx/rop/cst/CstString;Lcom/android/dx/rop/cst/CstString;)I @ 8
Event: 9.385 Thread 0x000000000a151000 Uncommon trap: reason=unreached action=reinterpret pc=0x00000000027b3c2c method=com.android.dx.rop.code.LocalItem.compareHandlesNulls(Lcom/android/dx/rop/cst/CstString;Lcom/android/dx/rop/cst/CstString;)I @ 8
Event: 9.385 Thread 0x000000000a151000 Uncommon trap: reason=unreached action=reinterpret pc=0x0000000002799ea8 method=com.android.dx.rop.code.LocalItem.compareHandlesNulls(Lcom/android/dx/rop/cst/CstString;Lcom/android/dx/rop/cst/CstString;)I @ 8
Event: 9.387 Thread 0x000000000a151000 Uncommon trap: reason=unreached action=reinterpret pc=0x0000000002970c38 method=com.android.dx.rop.code.LocalItem.compareHandlesNulls(Lcom/android/dx/rop/cst/CstString;Lcom/android/dx/rop/cst/CstString;)I @ 8
Event: 9.456 Thread 0x000000000a0fd800 Uncommon trap: reason=bimorphic action=maybe_recompile pc=0x00000000029ec1d4 method=com.android.dx.cf.code.BytecodeArray.parseInstruction(ILcom/android/dx/cf/code/BytecodeArray$Visitor;)I @ 1357
Event: 9.456 Thread 0x000000000a0fd800 Uncommon trap: reason=bimorphic action=maybe_recompile pc=0x00000000029ec1d4 method=com.android.dx.cf.code.BytecodeArray.parseInstruction(ILcom/android/dx/cf/code/BytecodeArray$Visitor;)I @ 1357

Internal exceptions (10 events):
Event: 5.597 Thread 0x0000000002258000 Implicit null exception at 0x00000000028bfb5c to 0x00000000028c2e25
Event: 5.801 Thread 0x000000000a151000 Implicit null exception at 0x00000000028bfb5c to 0x00000000028c2e25
Event: 7.227 Thread 0x000000000a0d3800 Implicit null exception at 0x0000000002982f24 to 0x000000000298581d
Event: 7.491 Thread 0x0000000002258000 Threw 0x00000000ed0d3600 at C:\re\jdk7u71\1605\hotspot\src\share\vm\prims\jvm.cpp:1281
Event: 7.780 Thread 0x000000000a0fd800 Implicit null exception at 0x0000000002920302 to 0x0000000002920d79
Event: 9.385 Thread 0x000000000a151000 Implicit null exception at 0x00000000028f3fd3 to 0x00000000028f4145
Event: 9.385 Thread 0x000000000a151000 Implicit null exception at 0x00000000027b3abf to 0x00000000027b3c19
Event: 9.385 Thread 0x000000000a151000 Implicit null exception at 0x0000000002799d98 to 0x0000000002799e95
Event: 9.387 Thread 0x000000000a151000 Implicit null exception at 0x000000000296fddd to 0x0000000002970c21
Event: 9.410 Thread 0x0000000002258000 Threw 0x00000000ef2d6fd8 at C:\re\jdk7u71\1605\hotspot\src\share\vm\prims\jvm.cpp:1281

Events (10 events):
Event: 9.409 loading class 0x0000000009ecae40
Event: 9.409 loading class 0x0000000009ecae40 done
Event: 9.450 Thread 0x0000000009ea4800 flushing nmethod 0x000000000285f110
Event: 9.456 Thread 0x000000000a0fd800 Uncommon trap: trap_request=0xffffffc6 fr.pc=0x00000000029ec1d4
Event: 9.456 Thread 0x000000000a0fd800 DEOPT PACKING pc=0x00000000029ec1d4 sp=0x000000000b32e710
Event: 9.456 Thread 0x000000000a0fd800 DEOPT UNPACKING pc=0x00000000026e75a4 sp=0x000000000b32e6a0 mode 2
Event: 9.456 Thread 0x000000000a0fd800 Uncommon trap: trap_request=0xffffffc6 fr.pc=0x00000000029ec1d4
Event: 9.456 Thread 0x000000000a0fd800 DEOPT PACKING pc=0x00000000029ec1d4 sp=0x000000000b32e750
Event: 9.456 Thread 0x000000000a0fd800 DEOPT UNPACKING pc=0x00000000026e75a4 sp=0x000000000b32e6e0 mode 2
Event: 9.756 Executing VM operation: ParallelGCFailedAllocation


Dynamic libraries:
0x000000013f320000 - 0x000000013f353000 	C:\Program Files\Java\jdk1.7.0_71\bin\java.exe
0x0000000077380000 - 0x000000007752a000 	C:\Windows\SYSTEM32\ntdll.dll
0x000007fef30f0000 - 0x000007fef3122000 	C:\Program Files (x86)\AVG\Av\avghooka.dll
0x0000000077260000 - 0x000000007737f000 	C:\Windows\system32\kernel32.dll
0x000007fefd310000 - 0x000007fefd37b000 	C:\Windows\system32\KERNELBASE.dll
0x000007feff570000 - 0x000007feff64b000 	C:\Windows\system32\ADVAPI32.dll
0x000007fefd880000 - 0x000007fefd91f000 	C:\Windows\system32\msvcrt.dll
0x000007feff650000 - 0x000007feff66f000 	C:\Windows\SYSTEM32\sechost.dll
0x000007fefd920000 - 0x000007fefda4d000 	C:\Windows\system32\RPCRT4.dll
0x0000000000420000 - 0x000000000051a000 	C:\Windows\system32\USER32.dll
0x000007fefe1a0000 - 0x000007fefe207000 	C:\Windows\system32\GDI32.dll
0x000007fefe190000 - 0x000007fefe19e000 	C:\Windows\system32\LPK.dll
0x000007fefd7b0000 - 0x000007fefd87a000 	C:\Windows\system32\USP10.dll
0x000007fefbcb0000 - 0x000007fefbea4000 	C:\Windows\WinSxS\amd64_microsoft.windows.common-controls_6595b64144ccf1df_6.0.7601.18837_none_fa3b1e3d17594757\COMCTL32.dll
0x000007feff4b0000 - 0x000007feff521000 	C:\Windows\system32\SHLWAPI.dll
0x000007feff540000 - 0x000007feff56e000 	C:\Windows\system32\IMM32.DLL
0x000007fefd4c0000 - 0x000007fefd5c9000 	C:\Windows\system32\MSCTF.dll
0x0000000057e80000 - 0x0000000057f52000 	C:\Program Files\Java\jdk1.7.0_71\jre\bin\msvcr100.dll
0x0000000055160000 - 0x0000000055933000 	C:\Program Files\Java\jdk1.7.0_71\jre\bin\server\jvm.dll
0x000007fef4710000 - 0x000007fef4719000 	C:\Windows\system32\WSOCK32.dll
0x000007feff460000 - 0x000007feff4ad000 	C:\Windows\system32\WS2_32.dll
0x000007feff530000 - 0x000007feff538000 	C:\Windows\system32\NSI.dll
0x000007fefac60000 - 0x000007fefac9b000 	C:\Windows\system32\WINMM.dll
0x0000000077540000 - 0x0000000077547000 	C:\Windows\system32\PSAPI.DLL
0x0000000074110000 - 0x000000007411f000 	C:\Program Files\Java\jdk1.7.0_71\jre\bin\verify.dll
0x00000000740e0000 - 0x0000000074108000 	C:\Program Files\Java\jdk1.7.0_71\jre\bin\java.dll
0x00000000740c0000 - 0x00000000740d5000 	C:\Program Files\Java\jdk1.7.0_71\jre\bin\zip.dll
0x00000000740a0000 - 0x00000000740b9000 	C:\Program Files\Java\jdk1.7.0_71\jre\bin\net.dll
0x000007fefc8a0000 - 0x000007fefc8f5000 	C:\Windows\system32\mswsock.dll
0x000007fefc890000 - 0x000007fefc897000 	C:\Windows\System32\wship6.dll
0x0000000074080000 - 0x0000000074091000 	C:\Program Files\Java\jdk1.7.0_71\jre\bin\nio.dll
0x000007feec230000 - 0x000007feec355000 	C:\Windows\system32\dbghelp.dll

VM Arguments:
jvm_args: -Djava.awt.headless=true -Xmx1024M -Dfile.encoding=windows-1252 -Duser.country=ES -Duser.language=es -Duser.variant 
java_command: com.android.dx.command.Main --dex --num-threads=4 --multi-dex --main-dex-list C:\Users\Carlos\AndroidStudioProjects\Capstone\RSSTest\RSSTest\app\build\intermediates\multi-dex\debug\maindexlist.txt --output C:\Users\Carlos\AndroidStudioProjects\Capstone\RSSTest\RSSTest\app\build\intermediates\transforms\dex\debug\folders\1000\1f\main C:\Users\Carlos\AndroidStudioProjects\Capstone\RSSTest\RSSTest\app\build\intermediates\transforms\jarMerging\debug\jars\1\1f\combined.jar
Launcher Type: SUN_STANDARD

Environment Variables:
JAVA_HOME=C:\Program Files\Java\jdk1.7.0_71
PATH=C:\Program Files (x86)\Intel\iCLS Client\;C:\Program Files\Intel\iCLS Client\;C:\Program Files (x86)\AMD APP\bin\x86_64;C:\Program Files (x86)\AMD APP\bin\x86;C:\app\Carlos\product\11.2.0\dbhome_1\bin;C:\Windows\system32;C:\Windows;C:\Windows\System32\Wbem;C:\Windows\System32\WindowsPowerShell\v1.0\;C:\Program Files (x86)\ATI Technologies\ATI.ACE\Core-Static;C:\Program Files (x86)\AMD\ATI.ACE\Core-Static;C:\Program Files\Intel\Intel(R) Management Engine Components\DAL;C:\Program Files\Intel\Intel(R) Management Engine Components\IPT;C:\Program Files (x86)\Intel\Intel(R) Management Engine Components\DAL;C:\Program Files (x86)\Intel\Intel(R) Management Engine Components\IPT;C:\Program Files (x86)\Common Files\lenovo\easyplussdk\bin;C:\Program Files\Intel\WiFi\bin\;C:\Program Files\Common Files\Intel\WirelessCommon\;C:\Program Files (x86)\Intel\OpenCL SDK\2.0\bin\x86;C:\Program Files (x86)\Intel\OpenCL SDK\2.0\bin\x64;C:\Windows\twain_32\CNQL25;C:\Program Files (x86)\Git\bin;C:\Users\Carlos\AppData\Local\Android\sdk\platform-tools;C:\Program Files (x86)\apache-ant-1.9.6\bin;C:\Program Files (x86)\apache-maven-3.3.3\bin;C:\Program Files (x86)\Skype\Phone\;C:\Program Files\Intel\WiFi\bin\;C:\Program Files\Common Files\Intel\WirelessCommon\;C:\Windows\twain_32\CNQL25;C:\Windows\twain_32\CNQL60;C:\Program Files\Java\jdk1.7.0_71\bin;C:\Program Files (x86)\Git\bin;C:\Program Files\Sublime Text 2;C:\Users\Carlos\AppData\Local\Android\sdk\tools;C:\Users\Carlos\AppData\Local\Android\sdk\platform-tools;C:\gradle-2.8\bin
USERNAME=Carlos
OS=Windows_NT
PROCESSOR_IDENTIFIER=Intel64 Family 6 Model 58 Stepping 9, GenuineIntel



---------------  S Y S T E M  ---------------

OS: Windows 7 , 64 bit Build 7601 Service Pack 1

CPU:total 4 (2 cores per cpu, 2 threads per core) family 6 model 58 stepping 9, cmov, cx8, fxsr, mmx, sse, sse2, sse3, ssse3, sse4.1, sse4.2, popcnt, avx, aes, erms, ht, tsc, tscinvbit, tscinv

Memory: 4k page, physical 8287080k(823240k free), swap 16572324k(4043052k free)

vm_info: Java HotSpot(TM) 64-Bit Server VM (24.71-b01) for windows-amd64 JRE (1.7.0_71-b14), built on Sep 26 2014 16:16:12 by "java_re" with unknown MS VC++:1600

time: Sat Mar 05 20:13:05 2016
elapsed time: 11 seconds

